The target system is: Android - 1 - i686
The host system is: Linux - 5.15.0-43-generic - x86_64
Detecting C compiler ABI info compiled with the following output:
Change Dir: /home/omar/AndroidStudioProjects/RechargerFacilement/app/.cxx/RelWithDebInfo/h1v653c0/x86/CMakeFiles/CMakeTmp

Run Build Command(s):/home/omar/Android/Sdk/cmake/3.18.1/bin/ninja cmTC_840c9 && [1/2] Building C object CMakeFiles/cmTC_840c9.dir/CMakeCCompilerABI.c.o
Android (8490178, based on r450784d) clang version 14.0.6 (https://android.googlesource.com/toolchain/llvm-project 4c603efb0cca074e9238af8b4106c30add4418f6)
Target: i686-none-linux-android19
Thread model: posix
InstalledDir: /home/omar/Android/Sdk/ndk/25.0.8775105/toolchains/llvm/prebuilt/linux-x86_64/bin
 (in-process)
 "/home/omar/Android/Sdk/ndk/25.0.8775105/toolchains/llvm/prebuilt/linux-x86_64/bin/clang" -cc1 -triple i686-none-linux-android19 -emit-obj -mrelax-all --mrelax-relocations -disable-free -clear-ast-before-backend -disable-llvm-verifier -discard-value-names -main-file-name CMakeCCompilerABI.c -mrelocation-model pic -pic-level 2 -pic-is-pie -mframe-pointer=all -ffp-contract=on -fno-rounding-math -mconstructor-aliases -funwind-tables=2 -target-cpu i686 -target-feature +ssse3 -tune-cpu generic -mllvm -treat-scalable-fixed-error-as-warning -debug-info-kind=constructor -dwarf-version=4 -debugger-tuning=gdb -v -ffunction-sections -fdata-sections -fcoverage-compilation-dir=/home/omar/AndroidStudioProjects/RechargerFacilement/app/.cxx/RelWithDebInfo/h1v653c0/x86/CMakeFiles/CMakeTmp -resource-dir /home/omar/Android/Sdk/ndk/25.0.8775105/toolchains/llvm/prebuilt/linux-x86_64/lib64/clang/14.0.6 -dependency-file CMakeFiles/cmTC_840c9.dir/CMakeCCompilerABI.c.o.d -MT CMakeFiles/cmTC_840c9.dir/CMakeCCompilerABI.c.o -sys-header-deps -D ANDROID -D _FORTIFY_SOURCE=2 -isysroot /home/omar/Android/Sdk/ndk/25.0.8775105/toolchains/llvm/prebuilt/linux-x86_64/sysroot -internal-isystem /home/omar/Android/Sdk/ndk/25.0.8775105/toolchains/llvm/prebuilt/linux-x86_64/lib64/clang/14.0.6/include -internal-isystem /home/omar/Android/Sdk/ndk/25.0.8775105/toolchains/llvm/prebuilt/linux-x86_64/sysroot/usr/local/include -internal-externc-isystem /home/omar/Android/Sdk/ndk/25.0.8775105/toolchains/llvm/prebuilt/linux-x86_64/sysroot/usr/include/i686-linux-android -internal-externc-isystem /home/omar/Android/Sdk/ndk/25.0.8775105/toolchains/llvm/prebuilt/linux-x86_64/sysroot/include -internal-externc-isystem /home/omar/Android/Sdk/ndk/25.0.8775105/toolchains/llvm/prebuilt/linux-x86_64/sysroot/usr/include -Wformat -fdebug-compilation-dir=/home/omar/AndroidStudioProjects/RechargerFacilement/app/.cxx/RelWithDebInfo/h1v653c0/x86/CMakeFiles/CMakeTmp -ferror-limit 19 -stack-protector 2 -mstackrealign -fgnuc-version=4.2.1 -D__GCC_HAVE_DWARF2_CFI_ASM=1 -o CMakeFiles/cmTC_840c9.dir/CMakeCCompilerABI.c.o -x c /home/omar/Android/Sdk/cmake/3.18.1/share/cmake-3.18/Modules/CMakeCCompilerABI.c
clang -cc1 version 14.0.6 based upon LLVM 14.0.6git default target x86_64-unknown-linux-gnu
ignoring nonexistent directory "/home/omar/Android/Sdk/ndk/25.0.8775105/toolchains/llvm/prebuilt/linux-x86_64/sysroot/include"
#include "..." search starts here:
#include <...> search starts here:
 /home/omar/Android/Sdk/ndk/25.0.8775105/toolchains/llvm/prebuilt/linux-x86_64/lib64/clang/14.0.6/include
 /home/omar/Android/Sdk/ndk/25.0.8775105/toolchains/llvm/prebuilt/linux-x86_64/sysroot/usr/local/include
 /home/omar/Android/Sdk/ndk/25.0.8775105/toolchains/llvm/prebuilt/linux-x86_64/sysroot/usr/include/i686-linux-android
 /home/omar/Android/Sdk/ndk/25.0.8775105/toolchains/llvm/prebuilt/linux-x86_64/sysroot/usr/include
End of search list.
[2/2] Linking C executable cmTC_840c9
Android (8490178, based on r450784d) clang version 14.0.6 (https://android.googlesource.com/toolchain/llvm-project 4c603efb0cca074e9238af8b4106c30add4418f6)
Target: i686-none-linux-android19
Thread model: posix
InstalledDir: /home/omar/Android/Sdk/ndk/25.0.8775105/toolchains/llvm/prebuilt/linux-x86_64/bin
 "/home/omar/Android/Sdk/ndk/25.0.8775105/toolchains/llvm/prebuilt/linux-x86_64/bin/ld" --sysroot=/home/omar/Android/Sdk/ndk/25.0.8775105/toolchains/llvm/prebuilt/linux-x86_64/sysroot -pie --warn-shared-textrel -z now -z relro --hash-style=gnu --hash-style=both --enable-new-dtags --eh-frame-hdr -m elf_i386 -dynamic-linker /system/bin/linker -o cmTC_840c9 /home/omar/Android/Sdk/ndk/25.0.8775105/toolchains/llvm/prebuilt/linux-x86_64/sysroot/usr/lib/i686-linux-android/19/crtbegin_dynamic.o -L/home/omar/Android/Sdk/ndk/25.0.8775105/toolchains/llvm/prebuilt/linux-x86_64/lib64/clang/14.0.6/lib/linux/i386 -L/home/omar/Android/Sdk/ndk/25.0.8775105/toolchains/llvm/prebuilt/linux-x86_64/sysroot/usr/lib/i686-linux-android/19 -L/home/omar/Android/Sdk/ndk/25.0.8775105/toolchains/llvm/prebuilt/linux-x86_64/sysroot/usr/lib/i686-linux-android -L/home/omar/Android/Sdk/ndk/25.0.8775105/toolchains/llvm/prebuilt/linux-x86_64/sysroot/usr/lib --build-id=sha1 --no-rosegment --fatal-warnings --gc-sections --no-undefined --gc-sections CMakeFiles/cmTC_840c9.dir/CMakeCCompilerABI.c.o /home/omar/Android/Sdk/ndk/25.0.8775105/toolchains/llvm/prebuilt/linux-x86_64/lib64/clang/14.0.6/lib/linux/libclang_rt.builtins-i686-android.a -l:libunwind.a -ldl -lc /home/omar/Android/Sdk/ndk/25.0.8775105/toolchains/llvm/prebuilt/linux-x86_64/lib64/clang/14.0.6/lib/linux/libclang_rt.builtins-i686-android.a -l:libunwind.a -ldl /home/omar/Android/Sdk/ndk/25.0.8775105/toolchains/llvm/prebuilt/linux-x86_64/sysroot/usr/lib/i686-linux-android/19/crtend_android.o



Parsed C implicit include dir info from above output: rv=done
  found start of include info
  found start of implicit include info
    add: [/home/omar/Android/Sdk/ndk/25.0.8775105/toolchains/llvm/prebuilt/linux-x86_64/lib64/clang/14.0.6/include]
    add: [/home/omar/Android/Sdk/ndk/25.0.8775105/toolchains/llvm/prebuilt/linux-x86_64/sysroot/usr/local/include]
    add: [/home/omar/Android/Sdk/ndk/25.0.8775105/toolchains/llvm/prebuilt/linux-x86_64/sysroot/usr/include/i686-linux-android]
    add: [/home/omar/Android/Sdk/ndk/25.0.8775105/toolchains/llvm/prebuilt/linux-x86_64/sysroot/usr/include]
  end of search list found
  collapse include dir [/home/omar/Android/Sdk/ndk/25.0.8775105/toolchains/llvm/prebuilt/linux-x86_64/lib64/clang/14.0.6/include] ==> [/home/omar/Android/Sdk/ndk/25.0.8775105/toolchains/llvm/prebuilt/linux-x86_64/lib64/clang/14.0.6/include]
  collapse include dir [/home/omar/Android/Sdk/ndk/25.0.8775105/toolchains/llvm/prebuilt/linux-x86_64/sysroot/usr/local/include] ==> [/home/omar/Android/Sdk/ndk/25.0.8775105/toolchains/llvm/prebuilt/linux-x86_64/sysroot/usr/local/include]
  collapse include dir [/home/omar/Android/Sdk/ndk/25.0.8775105/toolchains/llvm/prebuilt/linux-x86_64/sysroot/usr/include/i686-linux-android] ==> [/home/omar/Android/Sdk/ndk/25.0.8775105/toolchains/llvm/prebuilt/linux-x86_64/sysroot/usr/include/i686-linux-android]
  collapse include dir [/home/omar/Android/Sdk/ndk/25.0.8775105/toolchains/llvm/prebuilt/linux-x86_64/sysroot/usr/include] ==> [/home/omar/Android/Sdk/ndk/25.0.8775105/toolchains/llvm/prebuilt/linux-x86_64/sysroot/usr/include]
  implicit include dirs: [/home/omar/Android/Sdk/ndk/25.0.8775105/toolchains/llvm/prebuilt/linux-x86_64/lib64/clang/14.0.6/include;/home/omar/Android/Sdk/ndk/25.0.8775105/toolchains/llvm/prebuilt/linux-x86_64/sysroot/usr/local/include;/home/omar/Android/Sdk/ndk/25.0.8775105/toolchains/llvm/prebuilt/linux-x86_64/sysroot/usr/include/i686-linux-android;/home/omar/Android/Sdk/ndk/25.0.8775105/toolchains/llvm/prebuilt/linux-x86_64/sysroot/usr/include]


Parsed C implicit link information from above output:
  link line regex: [^( *|.*[/\])(ld\.lld|CMAKE_LINK_STARTFILE-NOTFOUND|([^/\]+-)?ld|collect2)[^/\]*( |$)]
  ignore line: [Change Dir: /home/omar/AndroidStudioProjects/RechargerFacilement/app/.cxx/RelWithDebInfo/h1v653c0/x86/CMakeFiles/CMakeTmp]
  ignore line: []
  ignore line: [Run Build Command(s):/home/omar/Android/Sdk/cmake/3.18.1/bin/ninja cmTC_840c9 && [1/2] Building C object CMakeFiles/cmTC_840c9.dir/CMakeCCompilerABI.c.o]
  ignore line: [Android (8490178  based on r450784d) clang version 14.0.6 (https://android.googlesource.com/toolchain/llvm-project 4c603efb0cca074e9238af8b4106c30add4418f6)]
  ignore line: [Target: i686-none-linux-android19]
  ignore line: [Thread model: posix]
  ignore line: [InstalledDir: /home/omar/Android/Sdk/ndk/25.0.8775105/toolchains/llvm/prebuilt/linux-x86_64/bin]
  ignore line: [ (in-process)]
  ignore line: [ "/home/omar/Android/Sdk/ndk/25.0.8775105/toolchains/llvm/prebuilt/linux-x86_64/bin/clang" -cc1 -triple i686-none-linux-android19 -emit-obj -mrelax-all --mrelax-relocations -disable-free -clear-ast-before-backend -disable-llvm-verifier -discard-value-names -main-file-name CMakeCCompilerABI.c -mrelocation-model pic -pic-level 2 -pic-is-pie -mframe-pointer=all -ffp-contract=on -fno-rounding-math -mconstructor-aliases -funwind-tables=2 -target-cpu i686 -target-feature +ssse3 -tune-cpu generic -mllvm -treat-scalable-fixed-error-as-warning -debug-info-kind=constructor -dwarf-version=4 -debugger-tuning=gdb -v -ffunction-sections -fdata-sections -fcoverage-compilation-dir=/home/omar/AndroidStudioProjects/RechargerFacilement/app/.cxx/RelWithDebInfo/h1v653c0/x86/CMakeFiles/CMakeTmp -resource-dir /home/omar/Android/Sdk/ndk/25.0.8775105/toolchains/llvm/prebuilt/linux-x86_64/lib64/clang/14.0.6 -dependency-file CMakeFiles/cmTC_840c9.dir/CMakeCCompilerABI.c.o.d -MT CMakeFiles/cmTC_840c9.dir/CMakeCCompilerABI.c.o -sys-header-deps -D ANDROID -D _FORTIFY_SOURCE=2 -isysroot /home/omar/Android/Sdk/ndk/25.0.8775105/toolchains/llvm/prebuilt/linux-x86_64/sysroot -internal-isystem /home/omar/Android/Sdk/ndk/25.0.8775105/toolchains/llvm/prebuilt/linux-x86_64/lib64/clang/14.0.6/include -internal-isystem /home/omar/Android/Sdk/ndk/25.0.8775105/toolchains/llvm/prebuilt/linux-x86_64/sysroot/usr/local/include -internal-externc-isystem /home/omar/Android/Sdk/ndk/25.0.8775105/toolchains/llvm/prebuilt/linux-x86_64/sysroot/usr/include/i686-linux-android -internal-externc-isystem /home/omar/Android/Sdk/ndk/25.0.8775105/toolchains/llvm/prebuilt/linux-x86_64/sysroot/include -internal-externc-isystem /home/omar/Android/Sdk/ndk/25.0.8775105/toolchains/llvm/prebuilt/linux-x86_64/sysroot/usr/include -Wformat -fdebug-compilation-dir=/home/omar/AndroidStudioProjects/RechargerFacilement/app/.cxx/RelWithDebInfo/h1v653c0/x86/CMakeFiles/CMakeTmp -ferror-limit 19 -stack-protector 2 -mstackrealign -fgnuc-version=4.2.1 -D__GCC_HAVE_DWARF2_CFI_ASM=1 -o CMakeFiles/cmTC_840c9.dir/CMakeCCompilerABI.c.o -x c /home/omar/Android/Sdk/cmake/3.18.1/share/cmake-3.18/Modules/CMakeCCompilerABI.c]
  ignore line: [clang -cc1 version 14.0.6 based upon LLVM 14.0.6git default target x86_64-unknown-linux-gnu]
  ignore line: [ignoring nonexistent directory "/home/omar/Android/Sdk/ndk/25.0.8775105/toolchains/llvm/prebuilt/linux-x86_64/sysroot/include"]
  ignore line: [#include "..." search starts here:]
  ignore line: [#include <...> search starts here:]
  ignore line: [ /home/omar/Android/Sdk/ndk/25.0.8775105/toolchains/llvm/prebuilt/linux-x86_64/lib64/clang/14.0.6/include]
  ignore line: [ /home/omar/Android/Sdk/ndk/25.0.8775105/toolchains/llvm/prebuilt/linux-x86_64/sysroot/usr/local/include]
  ignore line: [ /home/omar/Android/Sdk/ndk/25.0.8775105/toolchains/llvm/prebuilt/linux-x86_64/sysroot/usr/include/i686-linux-android]
  ignore line: [ /home/omar/Android/Sdk/ndk/25.0.8775105/toolchains/llvm/prebuilt/linux-x86_64/sysroot/usr/include]
  ignore line: [End of search list.]
  ignore line: [[2/2] Linking C executable cmTC_840c9]
  ignore line: [Android (8490178  based on r450784d) clang version 14.0.6 (https://android.googlesource.com/toolchain/llvm-project 4c603efb0cca074e9238af8b4106c30add4418f6)]
  ignore line: [Target: i686-none-linux-android19]
  ignore line: [Thread model: posix]
  ignore line: [InstalledDir: /home/omar/Android/Sdk/ndk/25.0.8775105/toolchains/llvm/prebuilt/linux-x86_64/bin]
  link line: [ "/home/omar/Android/Sdk/ndk/25.0.8775105/toolchains/llvm/prebuilt/linux-x86_64/bin/ld" --sysroot=/home/omar/Android/Sdk/ndk/25.0.8775105/toolchains/llvm/prebuilt/linux-x86_64/sysroot -pie --warn-shared-textrel -z now -z relro --hash-style=gnu --hash-style=both --enable-new-dtags --eh-frame-hdr -m elf_i386 -dynamic-linker /system/bin/linker -o cmTC_840c9 /home/omar/Android/Sdk/ndk/25.0.8775105/toolchains/llvm/prebuilt/linux-x86_64/sysroot/usr/lib/i686-linux-android/19/crtbegin_dynamic.o -L/home/omar/Android/Sdk/ndk/25.0.8775105/toolchains/llvm/prebuilt/linux-x86_64/lib64/clang/14.0.6/lib/linux/i386 -L/home/omar/Android/Sdk/ndk/25.0.8775105/toolchains/llvm/prebuilt/linux-x86_64/sysroot/usr/lib/i686-linux-android/19 -L/home/omar/Android/Sdk/ndk/25.0.8775105/toolchains/llvm/prebuilt/linux-x86_64/sysroot/usr/lib/i686-linux-android -L/home/omar/Android/Sdk/ndk/25.0.8775105/toolchains/llvm/prebuilt/linux-x86_64/sysroot/usr/lib --build-id=sha1 --no-rosegment --fatal-warnings --gc-sections --no-undefined --gc-sections CMakeFiles/cmTC_840c9.dir/CMakeCCompilerABI.c.o /home/omar/Android/Sdk/ndk/25.0.8775105/toolchains/llvm/prebuilt/linux-x86_64/lib64/clang/14.0.6/lib/linux/libclang_rt.builtins-i686-android.a -l:libunwind.a -ldl -lc /home/omar/Android/Sdk/ndk/25.0.8775105/toolchains/llvm/prebuilt/linux-x86_64/lib64/clang/14.0.6/lib/linux/libclang_rt.builtins-i686-android.a -l:libunwind.a -ldl /home/omar/Android/Sdk/ndk/25.0.8775105/toolchains/llvm/prebuilt/linux-x86_64/sysroot/usr/lib/i686-linux-android/19/crtend_android.o]
    arg [/home/omar/Android/Sdk/ndk/25.0.8775105/toolchains/llvm/prebuilt/linux-x86_64/bin/ld] ==> ignore
    arg [--sysroot=/home/omar/Android/Sdk/ndk/25.0.8775105/toolchains/llvm/prebuilt/linux-x86_64/sysroot] ==> ignore
    arg [-pie] ==> ignore
    arg [--warn-shared-textrel] ==> ignore
    arg [-znow] ==> ignore
    arg [-zrelro] ==> ignore
    arg [--hash-style=gnu] ==> ignore
    arg [--hash-style=both] ==> ignore
    arg [--enable-new-dtags] ==> ignore
    arg [--eh-frame-hdr] ==> ignore
    arg [-m] ==> ignore
    arg [elf_i386] ==> ignore
    arg [-dynamic-linker] ==> ignore
    arg [/system/bin/linker] ==> ignore
    arg [-o] ==> ignore
    arg [cmTC_840c9] ==> ignore
    arg [/home/omar/Android/Sdk/ndk/25.0.8775105/toolchains/llvm/prebuilt/linux-x86_64/sysroot/usr/lib/i686-linux-android/19/crtbegin_dynamic.o] ==> ignore
    arg [-L/home/omar/Android/Sdk/ndk/25.0.8775105/toolchains/llvm/prebuilt/linux-x86_64/lib64/clang/14.0.6/lib/linux/i386] ==> dir [/home/omar/Android/Sdk/ndk/25.0.8775105/toolchains/llvm/prebuilt/linux-x86_64/lib64/clang/14.0.6/lib/linux/i386]
    arg [-L/home/omar/Android/Sdk/ndk/25.0.8775105/toolchains/llvm/prebuilt/linux-x86_64/sysroot/usr/lib/i686-linux-android/19] ==> dir [/home/omar/Android/Sdk/ndk/25.0.8775105/toolchains/llvm/prebuilt/linux-x86_64/sysroot/usr/lib/i686-linux-android/19]
    arg [-L/home/omar/Android/Sdk/ndk/25.0.8775105/toolchains/llvm/prebuilt/linux-x86_64/sysroot/usr/lib/i686-linux-android] ==> dir [/home/omar/Android/Sdk/ndk/25.0.8775105/toolchains/llvm/prebuilt/linux-x86_64/sysroot/usr/lib/i686-linux-android]
    arg [-L/home/omar/Android/Sdk/ndk/25.0.8775105/toolchains/llvm/prebuilt/linux-x86_64/sysroot/usr/lib] ==> dir [/home/omar/Android/Sdk/ndk/25.0.8775105/toolchains/llvm/prebuilt/linux-x86_64/sysroot/usr/lib]
    arg [--build-id=sha1] ==> ignore
    arg [--no-rosegment] ==> ignore
    arg [--fatal-warnings] ==> ignore
    arg [--gc-sections] ==> ignore
    arg [--no-undefined] ==> ignore
    arg [--gc-sections] ==> ignore
    arg [CMakeFiles/cmTC_840c9.dir/CMakeCCompilerABI.c.o] ==> ignore
    arg [/home/omar/Android/Sdk/ndk/25.0.8775105/toolchains/llvm/prebuilt/linux-x86_64/lib64/clang/14.0.6/lib/linux/libclang_rt.builtins-i686-android.a] ==> lib [/home/omar/Android/Sdk/ndk/25.0.8775105/toolchains/llvm/prebuilt/linux-x86_64/lib64/clang/14.0.6/lib/linux/libclang_rt.builtins-i686-android.a]
    arg [-l:libunwind.a] ==> lib [-l:libunwind.a]
    arg [-ldl] ==> lib [dl]
    arg [-lc] ==> lib [c]
    arg [/home/omar/Android/Sdk/ndk/25.0.8775105/toolchains/llvm/prebuilt/linux-x86_64/lib64/clang/14.0.6/lib/linux/libclang_rt.builtins-i686-android.a] ==> lib [/home/omar/Android/Sdk/ndk/25.0.8775105/toolchains/llvm/prebuilt/linux-x86_64/lib64/clang/14.0.6/lib/linux/libclang_rt.builtins-i686-android.a]
    arg [-l:libunwind.a] ==> lib [-l:libunwind.a]
    arg [-ldl] ==> lib [dl]
    arg [/home/omar/Android/Sdk/ndk/25.0.8775105/toolchains/llvm/prebuilt/linux-x86_64/sysroot/usr/lib/i686-linux-android/19/crtend_android.o] ==> ignore
  remove lib [/home/omar/Android/Sdk/ndk/25.0.8775105/toolchains/llvm/prebuilt/linux-x86_64/lib64/clang/14.0.6/lib/linux/libclang_rt.builtins-i686-android.a]
  remove lib [/home/omar/Android/Sdk/ndk/25.0.8775105/toolchains/llvm/prebuilt/linux-x86_64/lib64/clang/14.0.6/lib/linux/libclang_rt.builtins-i686-android.a]
  collapse library dir [/home/omar/Android/Sdk/ndk/25.0.8775105/toolchains/llvm/prebuilt/linux-x86_64/lib64/clang/14.0.6/lib/linux/i386] ==> [/home/omar/Android/Sdk/ndk/25.0.8775105/toolchains/llvm/prebuilt/linux-x86_64/lib64/clang/14.0.6/lib/linux/i386]
  collapse library dir [/home/omar/Android/Sdk/ndk/25.0.8775105/toolchains/llvm/prebuilt/linux-x86_64/sysroot/usr/lib/i686-linux-android/19] ==> [/home/omar/Android/Sdk/ndk/25.0.8775105/toolchains/llvm/prebuilt/linux-x86_64/sysroot/usr/lib/i686-linux-android/19]
  collapse library dir [/home/omar/Android/Sdk/ndk/25.0.8775105/toolchains/llvm/prebuilt/linux-x86_64/sysroot/usr/lib/i686-linux-android] ==> [/home/omar/Android/Sdk/ndk/25.0.8775105/toolchains/llvm/prebuilt/linux-x86_64/sysroot/usr/lib/i686-linux-android]
  collapse library dir [/home/omar/Android/Sdk/ndk/25.0.8775105/toolchains/llvm/prebuilt/linux-x86_64/sysroot/usr/lib] ==> [/home/omar/Android/Sdk/ndk/25.0.8775105/toolchains/llvm/prebuilt/linux-x86_64/sysroot/usr/lib]
  implicit libs: [-l:libunwind.a;dl;c;-l:libunwind.a;dl]
  implicit dirs: [/home/omar/Android/Sdk/ndk/25.0.8775105/toolchains/llvm/prebuilt/linux-x86_64/lib64/clang/14.0.6/lib/linux/i386;/home/omar/Android/Sdk/ndk/25.0.8775105/toolchains/llvm/prebuilt/linux-x86_64/sysroot/usr/lib/i686-linux-android/19;/home/omar/Android/Sdk/ndk/25.0.8775105/toolchains/llvm/prebuilt/linux-x86_64/sysroot/usr/lib/i686-linux-android;/home/omar/Android/Sdk/ndk/25.0.8775105/toolchains/llvm/prebuilt/linux-x86_64/sysroot/usr/lib]
  implicit fwks: []


Detecting CXX compiler ABI info compiled with the following output:
Change Dir: /home/omar/AndroidStudioProjects/RechargerFacilement/app/.cxx/RelWithDebInfo/h1v653c0/x86/CMakeFiles/CMakeTmp

Run Build Command(s):/home/omar/Android/Sdk/cmake/3.18.1/bin/ninja cmTC_13666 && [1/2] Building CXX object CMakeFiles/cmTC_13666.dir/CMakeCXXCompilerABI.cpp.o
Android (8490178, based on r450784d) clang version 14.0.6 (https://android.googlesource.com/toolchain/llvm-project 4c603efb0cca074e9238af8b4106c30add4418f6)
Target: i686-none-linux-android19
Thread model: posix
InstalledDir: /home/omar/Android/Sdk/ndk/25.0.8775105/toolchains/llvm/prebuilt/linux-x86_64/bin
 (in-process)
 "/home/omar/Android/Sdk/ndk/25.0.8775105/toolchains/llvm/prebuilt/linux-x86_64/bin/clang++" -cc1 -triple i686-none-linux-android19 -emit-obj -mrelax-all --mrelax-relocations -disable-free -clear-ast-before-backend -disable-llvm-verifier -discard-value-names -main-file-name CMakeCXXCompilerABI.cpp -mrelocation-model pic -pic-level 2 -pic-is-pie -mframe-pointer=all -ffp-contract=on -fno-rounding-math -mconstructor-aliases -funwind-tables=2 -target-cpu i686 -target-feature +ssse3 -tune-cpu generic -mllvm -treat-scalable-fixed-error-as-warning -debug-info-kind=constructor -dwarf-version=4 -debugger-tuning=gdb -v -ffunction-sections -fdata-sections -fcoverage-compilation-dir=/home/omar/AndroidStudioProjects/RechargerFacilement/app/.cxx/RelWithDebInfo/h1v653c0/x86/CMakeFiles/CMakeTmp -resource-dir /home/omar/Android/Sdk/ndk/25.0.8775105/toolchains/llvm/prebuilt/linux-x86_64/lib64/clang/14.0.6 -dependency-file CMakeFiles/cmTC_13666.dir/CMakeCXXCompilerABI.cpp.o.d -MT CMakeFiles/cmTC_13666.dir/CMakeCXXCompilerABI.cpp.o -sys-header-deps -D ANDROID -D _FORTIFY_SOURCE=2 -isysroot /home/omar/Android/Sdk/ndk/25.0.8775105/toolchains/llvm/prebuilt/linux-x86_64/sysroot -internal-isystem /home/omar/Android/Sdk/ndk/25.0.8775105/toolchains/llvm/prebuilt/linux-x86_64/sysroot/usr/include/c++/v1 -internal-isystem /home/omar/Android/Sdk/ndk/25.0.8775105/toolchains/llvm/prebuilt/linux-x86_64/lib64/clang/14.0.6/include -internal-isystem /home/omar/Android/Sdk/ndk/25.0.8775105/toolchains/llvm/prebuilt/linux-x86_64/sysroot/usr/local/include -internal-externc-isystem /home/omar/Android/Sdk/ndk/25.0.8775105/toolchains/llvm/prebuilt/linux-x86_64/sysroot/usr/include/i686-linux-android -internal-externc-isystem /home/omar/Android/Sdk/ndk/25.0.8775105/toolchains/llvm/prebuilt/linux-x86_64/sysroot/include -internal-externc-isystem /home/omar/Android/Sdk/ndk/25.0.8775105/toolchains/llvm/prebuilt/linux-x86_64/sysroot/usr/include -Wformat -std=c++11 -fdeprecated-macro -fdebug-compilation-dir=/home/omar/AndroidStudioProjects/RechargerFacilement/app/.cxx/RelWithDebInfo/h1v653c0/x86/CMakeFiles/CMakeTmp -ferror-limit 19 -stack-protector 2 -mstackrealign -fgnuc-version=4.2.1 -fcxx-exceptions -fexceptions -D__GCC_HAVE_DWARF2_CFI_ASM=1 -o CMakeFiles/cmTC_13666.dir/CMakeCXXCompilerABI.cpp.o -x c++ /home/omar/Android/Sdk/cmake/3.18.1/share/cmake-3.18/Modules/CMakeCXXCompilerABI.cpp
clang -cc1 version 14.0.6 based upon LLVM 14.0.6git default target x86_64-unknown-linux-gnu
ignoring nonexistent directory "/home/omar/Android/Sdk/ndk/25.0.8775105/toolchains/llvm/prebuilt/linux-x86_64/sysroot/include"
#include "..." search starts here:
#include <...> search starts here:
 /home/omar/Android/Sdk/ndk/25.0.8775105/toolchains/llvm/prebuilt/linux-x86_64/sysroot/usr/include/c++/v1
 /home/omar/Android/Sdk/ndk/25.0.8775105/toolchains/llvm/prebuilt/linux-x86_64/lib64/clang/14.0.6/include
 /home/omar/Android/Sdk/ndk/25.0.8775105/toolchains/llvm/prebuilt/linux-x86_64/sysroot/usr/local/include
 /home/omar/Android/Sdk/ndk/25.0.8775105/toolchains/llvm/prebuilt/linux-x86_64/sysroot/usr/include/i686-linux-android
 /home/omar/Android/Sdk/ndk/25.0.8775105/toolchains/llvm/prebuilt/linux-x86_64/sysroot/usr/include
End of search list.
[2/2] Linking CXX executable cmTC_13666
Android (8490178, based on r450784d) clang version 14.0.6 (https://android.googlesource.com/toolchain/llvm-project 4c603efb0cca074e9238af8b4106c30add4418f6)
Target: i686-none-linux-android19
Thread model: posix
InstalledDir: /home/omar/Android/Sdk/ndk/25.0.8775105/toolchains/llvm/prebuilt/linux-x86_64/bin
 "/home/omar/Android/Sdk/ndk/25.0.8775105/toolchains/llvm/prebuilt/linux-x86_64/bin/ld" --sysroot=/home/omar/Android/Sdk/ndk/25.0.8775105/toolchains/llvm/prebuilt/linux-x86_64/sysroot -pie --warn-shared-textrel -z now -z relro --hash-style=gnu --hash-style=both --enable-new-dtags --eh-frame-hdr -m elf_i386 -dynamic-linker /system/bin/linker -o cmTC_13666 /home/omar/Android/Sdk/ndk/25.0.8775105/toolchains/llvm/prebuilt/linux-x86_64/sysroot/usr/lib/i686-linux-android/19/crtbegin_dynamic.o -L/home/omar/Android/Sdk/ndk/25.0.8775105/toolchains/llvm/prebuilt/linux-x86_64/lib64/clang/14.0.6/lib/linux/i386 -L/home/omar/Android/Sdk/ndk/25.0.8775105/toolchains/llvm/prebuilt/linux-x86_64/sysroot/usr/lib/i686-linux-android/19 -L/home/omar/Android/Sdk/ndk/25.0.8775105/toolchains/llvm/prebuilt/linux-x86_64/sysroot/usr/lib/i686-linux-android -L/home/omar/Android/Sdk/ndk/25.0.8775105/toolchains/llvm/prebuilt/linux-x86_64/sysroot/usr/lib --build-id=sha1 --no-rosegment --fatal-warnings --gc-sections --no-undefined --gc-sections CMakeFiles/cmTC_13666.dir/CMakeCXXCompilerABI.cpp.o -Bstatic -lc++ -Bdynamic -lm /home/omar/Android/Sdk/ndk/25.0.8775105/toolchains/llvm/prebuilt/linux-x86_64/lib64/clang/14.0.6/lib/linux/libclang_rt.builtins-i686-android.a -l:libunwind.a -ldl -lc /home/omar/Android/Sdk/ndk/25.0.8775105/toolchains/llvm/prebuilt/linux-x86_64/lib64/clang/14.0.6/lib/linux/libclang_rt.builtins-i686-android.a -l:libunwind.a -ldl /home/omar/Android/Sdk/ndk/25.0.8775105/toolchains/llvm/prebuilt/linux-x86_64/sysroot/usr/lib/i686-linux-android/19/crtend_android.o



Parsed CXX implicit include dir info from above output: rv=done
  found start of include info
  found start of implicit include info
    add: [/home/omar/Android/Sdk/ndk/25.0.8775105/toolchains/llvm/prebuilt/linux-x86_64/sysroot/usr/include/c++/v1]
    add: [/home/omar/Android/Sdk/ndk/25.0.8775105/toolchains/llvm/prebuilt/linux-x86_64/lib64/clang/14.0.6/include]
    add: [/home/omar/Android/Sdk/ndk/25.0.8775105/toolchains/llvm/prebuilt/linux-x86_64/sysroot/usr/local/include]
    add: [/home/omar/Android/Sdk/ndk/25.0.8775105/toolchains/llvm/prebuilt/linux-x86_64/sysroot/usr/include/i686-linux-android]
    add: [/home/omar/Android/Sdk/ndk/25.0.8775105/toolchains/llvm/prebuilt/linux-x86_64/sysroot/usr/include]
  end of search list found
  collapse include dir [/home/omar/Android/Sdk/ndk/25.0.8775105/toolchains/llvm/prebuilt/linux-x86_64/sysroot/usr/include/c++/v1] ==> [/home/omar/Android/Sdk/ndk/25.0.8775105/toolchains/llvm/prebuilt/linux-x86_64/sysroot/usr/include/c++/v1]
  collapse include dir [/home/omar/Android/Sdk/ndk/25.0.8775105/toolchains/llvm/prebuilt/linux-x86_64/lib64/clang/14.0.6/include] ==> [/home/omar/Android/Sdk/ndk/25.0.8775105/toolchains/llvm/prebuilt/linux-x86_64/lib64/clang/14.0.6/include]
  collapse include dir [/home/omar/Android/Sdk/ndk/25.0.8775105/toolchains/llvm/prebuilt/linux-x86_64/sysroot/usr/local/include] ==> [/home/omar/Android/Sdk/ndk/25.0.8775105/toolchains/llvm/prebuilt/linux-x86_64/sysroot/usr/local/include]
  collapse include dir [/home/omar/Android/Sdk/ndk/25.0.8775105/toolchains/llvm/prebuilt/linux-x86_64/sysroot/usr/include/i686-linux-android] ==> [/home/omar/Android/Sdk/ndk/25.0.8775105/toolchains/llvm/prebuilt/linux-x86_64/sysroot/usr/include/i686-linux-android]
  collapse include dir [/home/omar/Android/Sdk/ndk/25.0.8775105/toolchains/llvm/prebuilt/linux-x86_64/sysroot/usr/include] ==> [/home/omar/Android/Sdk/ndk/25.0.8775105/toolchains/llvm/prebuilt/linux-x86_64/sysroot/usr/include]
  implicit include dirs: [/home/omar/Android/Sdk/ndk/25.0.8775105/toolchains/llvm/prebuilt/linux-x86_64/sysroot/usr/include/c++/v1;/home/omar/Android/Sdk/ndk/25.0.8775105/toolchains/llvm/prebuilt/linux-x86_64/lib64/clang/14.0.6/include;/home/omar/Android/Sdk/ndk/25.0.8775105/toolchains/llvm/prebuilt/linux-x86_64/sysroot/usr/local/include;/home/omar/Android/Sdk/ndk/25.0.8775105/toolchains/llvm/prebuilt/linux-x86_64/sysroot/usr/include/i686-linux-android;/home/omar/Android/Sdk/ndk/25.0.8775105/toolchains/llvm/prebuilt/linux-x86_64/sysroot/usr/include]


Parsed CXX implicit link information from above output:
  link line regex: [^( *|.*[/\])(ld\.lld|CMAKE_LINK_STARTFILE-NOTFOUND|([^/\]+-)?ld|collect2)[^/\]*( |$)]
  ignore line: [Change Dir: /home/omar/AndroidStudioProjects/RechargerFacilement/app/.cxx/RelWithDebInfo/h1v653c0/x86/CMakeFiles/CMakeTmp]
  ignore line: []
  ignore line: [Run Build Command(s):/home/omar/Android/Sdk/cmake/3.18.1/bin/ninja cmTC_13666 && [1/2] Building CXX object CMakeFiles/cmTC_13666.dir/CMakeCXXCompilerABI.cpp.o]
  ignore line: [Android (8490178  based on r450784d) clang version 14.0.6 (https://android.googlesource.com/toolchain/llvm-project 4c603efb0cca074e9238af8b4106c30add4418f6)]
  ignore line: [Target: i686-none-linux-android19]
  ignore line: [Thread model: posix]
  ignore line: [InstalledDir: /home/omar/Android/Sdk/ndk/25.0.8775105/toolchains/llvm/prebuilt/linux-x86_64/bin]
  ignore line: [ (in-process)]
  ignore line: [ "/home/omar/Android/Sdk/ndk/25.0.8775105/toolchains/llvm/prebuilt/linux-x86_64/bin/clang++" -cc1 -triple i686-none-linux-android19 -emit-obj -mrelax-all --mrelax-relocations -disable-free -clear-ast-before-backend -disable-llvm-verifier -discard-value-names -main-file-name CMakeCXXCompilerABI.cpp -mrelocation-model pic -pic-level 2 -pic-is-pie -mframe-pointer=all -ffp-contract=on -fno-rounding-math -mconstructor-aliases -funwind-tables=2 -target-cpu i686 -target-feature +ssse3 -tune-cpu generic -mllvm -treat-scalable-fixed-error-as-warning -debug-info-kind=constructor -dwarf-version=4 -debugger-tuning=gdb -v -ffunction-sections -fdata-sections -fcoverage-compilation-dir=/home/omar/AndroidStudioProjects/RechargerFacilement/app/.cxx/RelWithDebInfo/h1v653c0/x86/CMakeFiles/CMakeTmp -resource-dir /home/omar/Android/Sdk/ndk/25.0.8775105/toolchains/llvm/prebuilt/linux-x86_64/lib64/clang/14.0.6 -dependency-file CMakeFiles/cmTC_13666.dir/CMakeCXXCompilerABI.cpp.o.d -MT CMakeFiles/cmTC_13666.dir/CMakeCXXCompilerABI.cpp.o -sys-header-deps -D ANDROID -D _FORTIFY_SOURCE=2 -isysroot /home/omar/Android/Sdk/ndk/25.0.8775105/toolchains/llvm/prebuilt/linux-x86_64/sysroot -internal-isystem /home/omar/Android/Sdk/ndk/25.0.8775105/toolchains/llvm/prebuilt/linux-x86_64/sysroot/usr/include/c++/v1 -internal-isystem /home/omar/Android/Sdk/ndk/25.0.8775105/toolchains/llvm/prebuilt/linux-x86_64/lib64/clang/14.0.6/include -internal-isystem /home/omar/Android/Sdk/ndk/25.0.8775105/toolchains/llvm/prebuilt/linux-x86_64/sysroot/usr/local/include -internal-externc-isystem /home/omar/Android/Sdk/ndk/25.0.8775105/toolchains/llvm/prebuilt/linux-x86_64/sysroot/usr/include/i686-linux-android -internal-externc-isystem /home/omar/Android/Sdk/ndk/25.0.8775105/toolchains/llvm/prebuilt/linux-x86_64/sysroot/include -internal-externc-isystem /home/omar/Android/Sdk/ndk/25.0.8775105/toolchains/llvm/prebuilt/linux-x86_64/sysroot/usr/include -Wformat -std=c++11 -fdeprecated-macro -fdebug-compilation-dir=/home/omar/AndroidStudioProjects/RechargerFacilement/app/.cxx/RelWithDebInfo/h1v653c0/x86/CMakeFiles/CMakeTmp -ferror-limit 19 -stack-protector 2 -mstackrealign -fgnuc-version=4.2.1 -fcxx-exceptions -fexceptions -D__GCC_HAVE_DWARF2_CFI_ASM=1 -o CMakeFiles/cmTC_13666.dir/CMakeCXXCompilerABI.cpp.o -x c++ /home/omar/Android/Sdk/cmake/3.18.1/share/cmake-3.18/Modules/CMakeCXXCompilerABI.cpp]
  ignore line: [clang -cc1 version 14.0.6 based upon LLVM 14.0.6git default target x86_64-unknown-linux-gnu]
  ignore line: [ignoring nonexistent directory "/home/omar/Android/Sdk/ndk/25.0.8775105/toolchains/llvm/prebuilt/linux-x86_64/sysroot/include"]
  ignore line: [#include "..." search starts here:]
  ignore line: [#include <...> search starts here:]
  ignore line: [ /home/omar/Android/Sdk/ndk/25.0.8775105/toolchains/llvm/prebuilt/linux-x86_64/sysroot/usr/include/c++/v1]
  ignore line: [ /home/omar/Android/Sdk/ndk/25.0.8775105/toolchains/llvm/prebuilt/linux-x86_64/lib64/clang/14.0.6/include]
  ignore line: [ /home/omar/Android/Sdk/ndk/25.0.8775105/toolchains/llvm/prebuilt/linux-x86_64/sysroot/usr/local/include]
  ignore line: [ /home/omar/Android/Sdk/ndk/25.0.8775105/toolchains/llvm/prebuilt/linux-x86_64/sysroot/usr/include/i686-linux-android]
  ignore line: [ /home/omar/Android/Sdk/ndk/25.0.8775105/toolchains/llvm/prebuilt/linux-x86_64/sysroot/usr/include]
  ignore line: [End of search list.]
  ignore line: [[2/2] Linking CXX executable cmTC_13666]
  ignore line: [Android (8490178  based on r450784d) clang version 14.0.6 (https://android.googlesource.com/toolchain/llvm-project 4c603efb0cca074e9238af8b4106c30add4418f6)]
  ignore line: [Target: i686-none-linux-android19]
  ignore line: [Thread model: posix]
  ignore line: [InstalledDir: /home/omar/Android/Sdk/ndk/25.0.8775105/toolchains/llvm/prebuilt/linux-x86_64/bin]
  link line: [ "/home/omar/Android/Sdk/ndk/25.0.8775105/toolchains/llvm/prebuilt/linux-x86_64/bin/ld" --sysroot=/home/omar/Android/Sdk/ndk/25.0.8775105/toolchains/llvm/prebuilt/linux-x86_64/sysroot -pie --warn-shared-textrel -z now -z relro --hash-style=gnu --hash-style=both --enable-new-dtags --eh-frame-hdr -m elf_i386 -dynamic-linker /system/bin/linker -o cmTC_13666 /home/omar/Android/Sdk/ndk/25.0.8775105/toolchains/llvm/prebuilt/linux-x86_64/sysroot/usr/lib/i686-linux-android/19/crtbegin_dynamic.o -L/home/omar/Android/Sdk/ndk/25.0.8775105/toolchains/llvm/prebuilt/linux-x86_64/lib64/clang/14.0.6/lib/linux/i386 -L/home/omar/Android/Sdk/ndk/25.0.8775105/toolchains/llvm/prebuilt/linux-x86_64/sysroot/usr/lib/i686-linux-android/19 -L/home/omar/Android/Sdk/ndk/25.0.8775105/toolchains/llvm/prebuilt/linux-x86_64/sysroot/usr/lib/i686-linux-android -L/home/omar/Android/Sdk/ndk/25.0.8775105/toolchains/llvm/prebuilt/linux-x86_64/sysroot/usr/lib --build-id=sha1 --no-rosegment --fatal-warnings --gc-sections --no-undefined --gc-sections CMakeFiles/cmTC_13666.dir/CMakeCXXCompilerABI.cpp.o -Bstatic -lc++ -Bdynamic -lm /home/omar/Android/Sdk/ndk/25.0.8775105/toolchains/llvm/prebuilt/linux-x86_64/lib64/clang/14.0.6/lib/linux/libclang_rt.builtins-i686-android.a -l:libunwind.a -ldl -lc /home/omar/Android/Sdk/ndk/25.0.8775105/toolchains/llvm/prebuilt/linux-x86_64/lib64/clang/14.0.6/lib/linux/libclang_rt.builtins-i686-android.a -l:libunwind.a -ldl /home/omar/Android/Sdk/ndk/25.0.8775105/toolchains/llvm/prebuilt/linux-x86_64/sysroot/usr/lib/i686-linux-android/19/crtend_android.o]
    arg [/home/omar/Android/Sdk/ndk/25.0.8775105/toolchains/llvm/prebuilt/linux-x86_64/bin/ld] ==> ignore
    arg [--sysroot=/home/omar/Android/Sdk/ndk/25.0.8775105/toolchains/llvm/prebuilt/linux-x86_64/sysroot] ==> ignore
    arg [-pie] ==> ignore
    arg [--warn-shared-textrel] ==> ignore
    arg [-znow] ==> ignore
    arg [-zrelro] ==> ignore
    arg [--hash-style=gnu] ==> ignore
    arg [--hash-style=both] ==> ignore
    arg [--enable-new-dtags] ==> ignore
    arg [--eh-frame-hdr] ==> ignore
    arg [-m] ==> ignore
    arg [elf_i386] ==> ignore
    arg [-dynamic-linker] ==> ignore
    arg [/system/bin/linker] ==> ignore
    arg [-o] ==> ignore
    arg [cmTC_13666] ==> ignore
    arg [/home/omar/Android/Sdk/ndk/25.0.8775105/toolchains/llvm/prebuilt/linux-x86_64/sysroot/usr/lib/i686-linux-android/19/crtbegin_dynamic.o] ==> ignore
    arg [-L/home/omar/Android/Sdk/ndk/25.0.8775105/toolchains/llvm/prebuilt/linux-x86_64/lib64/clang/14.0.6/lib/linux/i386] ==> dir [/home/omar/Android/Sdk/ndk/25.0.8775105/toolchains/llvm/prebuilt/linux-x86_64/lib64/clang/14.0.6/lib/linux/i386]
    arg [-L/home/omar/Android/Sdk/ndk/25.0.8775105/toolchains/llvm/prebuilt/linux-x86_64/sysroot/usr/lib/i686-linux-android/19] ==> dir [/home/omar/Android/Sdk/ndk/25.0.8775105/toolchains/llvm/prebuilt/linux-x86_64/sysroot/usr/lib/i686-linux-android/19]
    arg [-L/home/omar/Android/Sdk/ndk/25.0.8775105/toolchains/llvm/prebuilt/linux-x86_64/sysroot/usr/lib/i686-linux-android] ==> dir [/home/omar/Android/Sdk/ndk/25.0.8775105/toolchains/llvm/prebuilt/linux-x86_64/sysroot/usr/lib/i686-linux-android]
    arg [-L/home/omar/Android/Sdk/ndk/25.0.8775105/toolchains/llvm/prebuilt/linux-x86_64/sysroot/usr/lib] ==> dir [/home/omar/Android/Sdk/ndk/25.0.8775105/toolchains/llvm/prebuilt/linux-x86_64/sysroot/usr/lib]
    arg [--build-id=sha1] ==> ignore
    arg [--no-rosegment] ==> ignore
    arg [--fatal-warnings] ==> ignore
    arg [--gc-sections] ==> ignore
    arg [--no-undefined] ==> ignore
    arg [--gc-sections] ==> ignore
    arg [CMakeFiles/cmTC_13666.dir/CMakeCXXCompilerABI.cpp.o] ==> ignore
    arg [-Bstatic] ==> ignore
    arg [-lc++] ==> lib [c++]
    arg [-Bdynamic] ==> ignore
    arg [-lm] ==> lib [m]
    arg [/home/omar/Android/Sdk/ndk/25.0.8775105/toolchains/llvm/prebuilt/linux-x86_64/lib64/clang/14.0.6/lib/linux/libclang_rt.builtins-i686-android.a] ==> lib [/home/omar/Android/Sdk/ndk/25.0.8775105/toolchains/llvm/prebuilt/linux-x86_64/lib64/clang/14.0.6/lib/linux/libclang_rt.builtins-i686-android.a]
    arg [-l:libunwind.a] ==> lib [-l:libunwind.a]
    arg [-ldl] ==> lib [dl]
    arg [-lc] ==> lib [c]
    arg [/home/omar/Android/Sdk/ndk/25.0.8775105/toolchains/llvm/prebuilt/linux-x86_64/lib64/clang/14.0.6/lib/linux/libclang_rt.builtins-i686-android.a] ==> lib [/home/omar/Android/Sdk/ndk/25.0.8775105/toolchains/llvm/prebuilt/linux-x86_64/lib64/clang/14.0.6/lib/linux/libclang_rt.builtins-i686-android.a]
    arg [-l:libunwind.a] ==> lib [-l:libunwind.a]
    arg [-ldl] ==> lib [dl]
    arg [/home/omar/Android/Sdk/ndk/25.0.8775105/toolchains/llvm/prebuilt/linux-x86_64/sysroot/usr/lib/i686-linux-android/19/crtend_android.o] ==> ignore
  remove lib [/home/omar/Android/Sdk/ndk/25.0.8775105/toolchains/llvm/prebuilt/linux-x86_64/lib64/clang/14.0.6/lib/linux/libclang_rt.builtins-i686-android.a]
  remove lib [/home/omar/Android/Sdk/ndk/25.0.8775105/toolchains/llvm/prebuilt/linux-x86_64/lib64/clang/14.0.6/lib/linux/libclang_rt.builtins-i686-android.a]
  collapse library dir [/home/omar/Android/Sdk/ndk/25.0.8775105/toolchains/llvm/prebuilt/linux-x86_64/lib64/clang/14.0.6/lib/linux/i386] ==> [/home/omar/Android/Sdk/ndk/25.0.8775105/toolchains/llvm/prebuilt/linux-x86_64/lib64/clang/14.0.6/lib/linux/i386]
  collapse library dir [/home/omar/Android/Sdk/ndk/25.0.8775105/toolchains/llvm/prebuilt/linux-x86_64/sysroot/usr/lib/i686-linux-android/19] ==> [/home/omar/Android/Sdk/ndk/25.0.8775105/toolchains/llvm/prebuilt/linux-x86_64/sysroot/usr/lib/i686-linux-android/19]
  collapse library dir [/home/omar/Android/Sdk/ndk/25.0.8775105/toolchains/llvm/prebuilt/linux-x86_64/sysroot/usr/lib/i686-linux-android] ==> [/home/omar/Android/Sdk/ndk/25.0.8775105/toolchains/llvm/prebuilt/linux-x86_64/sysroot/usr/lib/i686-linux-android]
  collapse library dir [/home/omar/Android/Sdk/ndk/25.0.8775105/toolchains/llvm/prebuilt/linux-x86_64/sysroot/usr/lib] ==> [/home/omar/Android/Sdk/ndk/25.0.8775105/toolchains/llvm/prebuilt/linux-x86_64/sysroot/usr/lib]
  implicit libs: [c++;m;-l:libunwind.a;dl;c;-l:libunwind.a;dl]
  implicit dirs: [/home/omar/Android/Sdk/ndk/25.0.8775105/toolchains/llvm/prebuilt/linux-x86_64/lib64/clang/14.0.6/lib/linux/i386;/home/omar/Android/Sdk/ndk/25.0.8775105/toolchains/llvm/prebuilt/linux-x86_64/sysroot/usr/lib/i686-linux-android/19;/home/omar/Android/Sdk/ndk/25.0.8775105/toolchains/llvm/prebuilt/linux-x86_64/sysroot/usr/lib/i686-linux-android;/home/omar/Android/Sdk/ndk/25.0.8775105/toolchains/llvm/prebuilt/linux-x86_64/sysroot/usr/lib]
  implicit fwks: []


